[debug] [2023-04-09T22:25:28.707Z] ----------------------------------------------------------------------
[debug] [2023-04-09T22:25:28.711Z] Command:       C:\Program Files\nodejs\node.exe C:\Users\HP ELITEBOOK 1040 G3\AppData\Roaming\npm\node_modules\firebase-tools\lib\bin\firebase.js init
[debug] [2023-04-09T22:25:28.712Z] CLI Version:   11.24.0
[debug] [2023-04-09T22:25:28.713Z] Platform:      win32
[debug] [2023-04-09T22:25:28.713Z] Node Version:  v18.12.1
[debug] [2023-04-09T22:25:28.715Z] Time:          Sun Apr 09 2023 23:25:28 GMT+0100 (West Africa Standard Time)
[debug] [2023-04-09T22:25:28.715Z] ----------------------------------------------------------------------
[debug] 
[debug] [2023-04-09T22:25:28.990Z] > command requires scopes: ["email","openid","https://www.googleapis.com/auth/cloudplatformprojects.readonly","https://www.googleapis.com/auth/firebase","https://www.googleapis.com/auth/cloud-platform"]
[debug] [2023-04-09T22:25:28.993Z] > authorizing via signed-in user (princessuhiene@gmail.com)
[info] 
     ######## #### ########  ######## ########     ###     ######  ########
     ##        ##  ##     ## ##       ##     ##  ##   ##  ##       ##
     ######    ##  ########  ######   ########  #########  ######  ######
     ##        ##  ##    ##  ##       ##     ## ##     ##       ## ##
     ##       #### ##     ## ######## ########  ##     ##  ######  ########

You're about to initialize a Firebase project in this directory:

  C:\sites\pay-purse

Before we get started, keep in mind:

  * You are currently outside your home directory
  * You are initializing within an existing Firebase project directory

[info] 
=== Project Setup
[info] 
[info] First, let's associate this project directory with a Firebase project.
[info] You can create multiple project aliases by running firebase use --add, 
[info] but for now we'll just set up a default project.
[info] 
[debug] [2023-04-09T22:25:39.267Z] Using project from CLI flag: paypurse-b9e04
[debug] [2023-04-09T22:25:39.272Z] >>> [apiv2][query] GET https://firebase.googleapis.com/v1beta1/projects/paypurse-b9e04 [none]
[debug] [2023-04-09T22:25:53.407Z] Failed to make request to https://firebase.googleapis.com/v1beta1/projects/paypurse-b9e04
[debug] [2023-04-09T22:25:53.413Z] FirebaseError: Failed to make request to https://firebase.googleapis.com/v1beta1/projects/paypurse-b9e04
    at RetryOperation._fn (C:\Users\HP ELITEBOOK 1040 G3\AppData\Roaming\npm\node_modules\firebase-tools\lib\apiv2.js:242:31)
    at process.processTicksAndRejections (node:internal/process/task_queues:95:5)
[error] 
[error] Error: Failed to get Firebase project paypurse-b9e04. Please make sure the project exists and your account has permission to access it.
